--------------------------------------------------------------------------------
Release 14.7 Trace  (nt64)
Copyright (c) 1995-2013 Xilinx, Inc.  All rights reserved.

D:\Xilinx\14.7\ISE_DS\ISE\bin\nt64\unwrapped\trce.exe -intstyle ise -v 3 -s 3
-n 3 -fastpaths -xml simple_pushButton.twx simple_pushButton.ncd -o
simple_pushButton.twr simple_pushButton.pcf -ucf simple_pushButton.ucf

Design file:              simple_pushButton.ncd
Physical constraint file: simple_pushButton.pcf
Device,package,speed:     xc7a100t,csg324,C,-3 (PRODUCTION 1.10 2013-10-13)
Report level:             verbose report

Environment Variable      Effect 
--------------------      ------ 
NONE                      No environment variables were set
--------------------------------------------------------------------------------

INFO:Timing:2698 - No timing constraints found, doing default enumeration.
INFO:Timing:3412 - To improve timing, see the Timing Closure User Guide (UG612).
INFO:Timing:2752 - To get complete path coverage, use the unconstrained paths 
   option. All paths that are not constrained will be reported in the 
   unconstrained paths section(s) of the report.
INFO:Timing:3339 - The clock-to-out numbers in this timing report are based on 
   a 50 Ohm transmission line loading model.  For the details of this model, 
   and for more information on accounting for different loading conditions, 
   please see the device datasheet.



Data Sheet report:
-----------------
All values displayed in nanoseconds (ns)

Setup/Hold to clock button1
------------+------------+------------+------------+------------+------------------+--------+
            |Max Setup to|  Process   |Max Hold to |  Process   |                  | Clock  |
Source      | clk (edge) |   Corner   | clk (edge) |   Corner   |Internal Clock(s) | Phase  |
------------+------------+------------+------------+------------+------------------+--------+
sw<0>       |   -0.227(R)|      FAST  |    2.074(R)|      SLOW  |button1_BUFGP     |   0.000|
sw<1>       |   -0.353(R)|      FAST  |    2.226(R)|      SLOW  |button1_BUFGP     |   0.000|
sw<2>       |   -0.522(R)|      FAST  |    2.446(R)|      SLOW  |button1_BUFGP     |   0.000|
sw<3>       |   -0.445(R)|      FAST  |    2.370(R)|      SLOW  |button1_BUFGP     |   0.000|
sw<4>       |   -0.618(R)|      FAST  |    2.523(R)|      SLOW  |button1_BUFGP     |   0.000|
sw<5>       |   -0.512(R)|      FAST  |    2.363(R)|      SLOW  |button1_BUFGP     |   0.000|
sw<6>       |   -0.408(R)|      FAST  |    2.248(R)|      SLOW  |button1_BUFGP     |   0.000|
sw<7>       |   -0.383(R)|      FAST  |    2.199(R)|      SLOW  |button1_BUFGP     |   0.000|
sw<8>       |    0.359(R)|      FAST  |    1.728(R)|      SLOW  |button1_BUFGP     |   0.000|
sw<9>       |    0.314(R)|      FAST  |    1.794(R)|      SLOW  |button1_BUFGP     |   0.000|
sw<10>      |   -0.129(R)|      FAST  |    1.911(R)|      SLOW  |button1_BUFGP     |   0.000|
sw<11>      |   -0.102(R)|      FAST  |    1.867(R)|      SLOW  |button1_BUFGP     |   0.000|
sw<12>      |    0.726(R)|      FAST  |    0.876(R)|      SLOW  |button1_BUFGP     |   0.000|
sw<13>      |   -0.090(R)|      FAST  |    1.887(R)|      SLOW  |button1_BUFGP     |   0.000|
sw<14>      |   -0.160(R)|      FAST  |    2.002(R)|      SLOW  |button1_BUFGP     |   0.000|
sw<15>      |   -0.060(R)|      FAST  |    1.868(R)|      SLOW  |button1_BUFGP     |   0.000|
------------+------------+------------+------------+------------+------------------+--------+

Setup/Hold to clock button2
------------+------------+------------+------------+------------+------------------+--------+
            |Max Setup to|  Process   |Max Hold to |  Process   |                  | Clock  |
Source      | clk (edge) |   Corner   | clk (edge) |   Corner   |Internal Clock(s) | Phase  |
------------+------------+------------+------------+------------+------------------+--------+
sw<0>       |   -0.624(R)|      FAST  |    2.394(R)|      SLOW  |button2_BUFGP     |   0.000|
sw<1>       |   -0.699(R)|      FAST  |    2.474(R)|      SLOW  |button2_BUFGP     |   0.000|
sw<2>       |   -0.652(R)|      FAST  |    2.442(R)|      SLOW  |button2_BUFGP     |   0.000|
sw<3>       |   -0.850(R)|      FAST  |    2.692(R)|      SLOW  |button2_BUFGP     |   0.000|
sw<4>       |   -0.983(R)|      FAST  |    2.860(R)|      SLOW  |button2_BUFGP     |   0.000|
sw<5>       |   -0.742(R)|      FAST  |    2.548(R)|      SLOW  |button2_BUFGP     |   0.000|
sw<6>       |   -0.830(R)|      FAST  |    2.665(R)|      SLOW  |button2_BUFGP     |   0.000|
sw<7>       |   -0.614(R)|      FAST  |    2.385(R)|      SLOW  |button2_BUFGP     |   0.000|
sw<8>       |   -0.144(R)|      FAST  |    2.276(R)|      SLOW  |button2_BUFGP     |   0.000|
sw<9>       |   -0.074(R)|      FAST  |    2.188(R)|      SLOW  |button2_BUFGP     |   0.000|
sw<10>      |   -0.490(R)|      FAST  |    2.260(R)|      SLOW  |button2_BUFGP     |   0.000|
sw<11>      |   -0.458(R)|      FAST  |    2.228(R)|      SLOW  |button2_BUFGP     |   0.000|
sw<12>      |    0.458(R)|      FAST  |    1.069(R)|      SLOW  |button2_BUFGP     |   0.000|
sw<13>      |   -0.627(R)|      FAST  |    2.446(R)|      SLOW  |button2_BUFGP     |   0.000|
sw<14>      |   -0.695(R)|      FAST  |    2.558(R)|      SLOW  |button2_BUFGP     |   0.000|
sw<15>      |   -0.597(R)|      FAST  |    2.426(R)|      SLOW  |button2_BUFGP     |   0.000|
------------+------------+------------+------------+------------+------------------+--------+

Setup/Hold to clock button3
------------+------------+------------+------------+------------+------------------+--------+
            |Max Setup to|  Process   |Max Hold to |  Process   |                  | Clock  |
Source      | clk (edge) |   Corner   | clk (edge) |   Corner   |Internal Clock(s) | Phase  |
------------+------------+------------+------------+------------+------------------+--------+
sw<0>       |   -0.633(R)|      FAST  |    2.508(R)|      SLOW  |button3_BUFGP     |   0.000|
sw<1>       |   -0.705(R)|      FAST  |    2.589(R)|      SLOW  |button3_BUFGP     |   0.000|
sw<2>       |   -0.666(R)|      FAST  |    2.555(R)|      SLOW  |button3_BUFGP     |   0.000|
sw<3>       |   -0.928(R)|      FAST  |    2.902(R)|      SLOW  |button3_BUFGP     |   0.000|
sw<4>       |   -1.009(R)|      FAST  |    3.014(R)|      SLOW  |button3_BUFGP     |   0.000|
sw<5>       |   -0.900(R)|      FAST  |    2.855(R)|      SLOW  |button3_BUFGP     |   0.000|
------------+------------+------------+------------+------------+------------------+--------+

Clock button5 to Pad
------------+-----------------+------------+-----------------+------------+------------------+--------+
            |Max (slowest) clk|  Process   |Min (fastest) clk|  Process   |                  | Clock  |
Destination |  (edge) to PAD  |   Corner   |  (edge) to PAD  |   Corner   |Internal Clock(s) | Phase  |
------------+-----------------+------------+-----------------+------------+------------------+--------+
led<0>      |         7.989(R)|      SLOW  |         3.218(R)|      FAST  |button5_BUFGP     |   0.000|
led<1>      |         8.011(R)|      SLOW  |         3.237(R)|      FAST  |button5_BUFGP     |   0.000|
led<2>      |         8.020(R)|      SLOW  |         3.250(R)|      FAST  |button5_BUFGP     |   0.000|
led<3>      |         8.034(R)|      SLOW  |         3.250(R)|      FAST  |button5_BUFGP     |   0.000|
led<4>      |         8.036(R)|      SLOW  |         3.251(R)|      FAST  |button5_BUFGP     |   0.000|
led<5>      |         8.036(R)|      SLOW  |         3.251(R)|      FAST  |button5_BUFGP     |   0.000|
led<6>      |         8.038(R)|      SLOW  |         3.255(R)|      FAST  |button5_BUFGP     |   0.000|
led<7>      |         8.040(R)|      SLOW  |         3.255(R)|      FAST  |button5_BUFGP     |   0.000|
led<8>      |         8.029(R)|      SLOW  |         3.246(R)|      FAST  |button5_BUFGP     |   0.000|
led<9>      |         8.032(R)|      SLOW  |         3.250(R)|      FAST  |button5_BUFGP     |   0.000|
led<10>     |         8.042(R)|      SLOW  |         3.254(R)|      FAST  |button5_BUFGP     |   0.000|
led<11>     |         8.011(R)|      SLOW  |         3.228(R)|      FAST  |button5_BUFGP     |   0.000|
led<12>     |         8.033(R)|      SLOW  |         3.250(R)|      FAST  |button5_BUFGP     |   0.000|
led<13>     |         8.044(R)|      SLOW  |         3.256(R)|      FAST  |button5_BUFGP     |   0.000|
led<14>     |         8.059(R)|      SLOW  |         3.272(R)|      FAST  |button5_BUFGP     |   0.000|
led<15>     |         8.058(R)|      SLOW  |         3.270(R)|      FAST  |button5_BUFGP     |   0.000|
------------+-----------------+------------+-----------------+------------+------------------+--------+

Clock to Setup on destination clock button3
---------------+---------+---------+---------+---------+
               | Src:Rise| Src:Fall| Src:Rise| Src:Fall|
Source Clock   |Dest:Rise|Dest:Rise|Dest:Fall|Dest:Fall|
---------------+---------+---------+---------+---------+
button1        |    0.971|         |         |         |
button2        |    1.247|         |         |         |
---------------+---------+---------+---------+---------+

Clock to Setup on destination clock button5
---------------+---------+---------+---------+---------+
               | Src:Rise| Src:Fall| Src:Rise| Src:Fall|
Source Clock   |Dest:Rise|Dest:Rise|Dest:Fall|Dest:Fall|
---------------+---------+---------+---------+---------+
button3        |    7.194|         |         |         |
---------------+---------+---------+---------+---------+


Analysis completed Mon Oct 31 01:29:58 2016 
--------------------------------------------------------------------------------

Trace Settings:
-------------------------
Trace Settings 

Peak Memory Usage: 614 MB



