Release 14.7 - xst P.20131013 (nt64)
Copyright (c) 1995-2013 Xilinx, Inc.  All rights reserved.
--> Parameter TMPDIR set to xst/projnav.tmp


Total REAL time to Xst completion: 1.00 secs
Total CPU time to Xst completion: 0.18 secs
 
--> Parameter xsthdpdir set to xst


Total REAL time to Xst completion: 1.00 secs
Total CPU time to Xst completion: 0.18 secs
 
--> Reading design: simple_pushButton.prj

TABLE OF CONTENTS
  1) Synthesis Options Summary
  2) HDL Parsing
  3) HDL Elaboration
  4) HDL Synthesis
       4.1) HDL Synthesis Report
  5) Advanced HDL Synthesis
       5.1) Advanced HDL Synthesis Report
  6) Low Level Synthesis
  7) Partition Report
  8) Design Summary
       8.1) Primitive and Black Box Usage
       8.2) Device utilization summary
       8.3) Partition Resource Summary
       8.4) Timing Report
            8.4.1) Clock Information
            8.4.2) Asynchronous Control Signals Information
            8.4.3) Timing Summary
            8.4.4) Timing Details
            8.4.5) Cross Clock Domains Report


=========================================================================
*                      Synthesis Options Summary                        *
=========================================================================
---- Source Parameters
Input File Name                    : "simple_pushButton.prj"
Ignore Synthesis Constraint File   : NO

---- Target Parameters
Output File Name                   : "simple_pushButton"
Output Format                      : NGC
Target Device                      : xc7a100t-3-csg324

---- Source Options
Top Module Name                    : simple_pushButton
Automatic FSM Extraction           : YES
FSM Encoding Algorithm             : Auto
Safe Implementation                : No
FSM Style                          : LUT
RAM Extraction                     : Yes
RAM Style                          : Auto
ROM Extraction                     : Yes
Shift Register Extraction          : YES
ROM Style                          : Auto
Resource Sharing                   : YES
Asynchronous To Synchronous        : NO
Shift Register Minimum Size        : 2
Use DSP Block                      : Auto
Automatic Register Balancing       : No

---- Target Options
LUT Combining                      : Auto
Reduce Control Sets                : Auto
Add IO Buffers                     : YES
Global Maximum Fanout              : 100000
Add Generic Clock Buffer(BUFG)     : 32
Register Duplication               : YES
Optimize Instantiated Primitives   : NO
Use Clock Enable                   : Auto
Use Synchronous Set                : Auto
Use Synchronous Reset              : Auto
Pack IO Registers into IOBs        : Auto
Equivalent register Removal        : YES

---- General Options
Optimization Goal                  : Speed
Optimization Effort                : 1
Power Reduction                    : NO
Keep Hierarchy                     : No
Netlist Hierarchy                  : As_Optimized
RTL Output                         : Yes
Global Optimization                : AllClockNets
Read Cores                         : YES
Write Timing Constraints           : NO
Cross Clock Analysis               : NO
Hierarchy Separator                : /
Bus Delimiter                      : <>
Case Specifier                     : Maintain
Slice Utilization Ratio            : 100
BRAM Utilization Ratio             : 100
DSP48 Utilization Ratio            : 100
Auto BRAM Packing                  : NO
Slice Utilization Ratio Delta      : 5

=========================================================================


=========================================================================
*                          HDL Parsing                                  *
=========================================================================
Parsing VHDL file "C:\Users\Ankit\Desktop\AHD\UniversalRotator\simple_pushButton.vhd" into library work
Parsing entity <simple_pushButton>.
Parsing architecture <Behavioral> of entity <simple_pushbutton>.

=========================================================================
*                            HDL Elaboration                            *
=========================================================================

Elaborating entity <simple_pushButton> (architecture <Behavioral>) from library <work>.

=========================================================================
*                           HDL Synthesis                               *
=========================================================================

Synthesizing Unit <simple_pushButton>.
    Related source file is "C:\Users\Ankit\Desktop\AHD\UniversalRotator\simple_pushButton.vhd".
WARNING:Xst:647 - Input <button4> is never used. This port will be preserved and left unconnected if it belongs to a top-level block or it belongs to a sub-block and the hierarchy of this sub-block is preserved.
    Found 16-bit register for signal <msb>.
    Found 6-bit register for signal <sel>.
    Found 32-bit register for signal <a>.
    Found 16-bit register for signal <led>.
    Found 16-bit register for signal <lsb>.
    Summary:
	inferred  86 D-type flip-flop(s).
	inferred  31 Multiplexer(s).
Unit <simple_pushButton> synthesized.

=========================================================================
HDL Synthesis Report

Macro Statistics
# Registers                                            : 5
 16-bit register                                       : 3
 32-bit register                                       : 1
 6-bit register                                        : 1
# Multiplexers                                         : 31
 32-bit 2-to-1 multiplexer                             : 31

=========================================================================

=========================================================================
*                       Advanced HDL Synthesis                          *
=========================================================================


=========================================================================
Advanced HDL Synthesis Report

Macro Statistics
# Registers                                            : 86
 Flip-Flops                                            : 86
# Multiplexers                                         : 31
 32-bit 2-to-1 multiplexer                             : 31

=========================================================================

=========================================================================
*                         Low Level Synthesis                           *
=========================================================================

Optimizing unit <simple_pushButton> ...

Mapping all equations...
Building and optimizing final netlist ...
Found area constraint ratio of 100 (+ 5) on block simple_pushButton, actual ratio is 0.

Final Macro Processing ...

=========================================================================
Final Register Report

Macro Statistics
# Registers                                            : 86
 Flip-Flops                                            : 86

=========================================================================

=========================================================================
*                           Partition Report                            *
=========================================================================

Partition Implementation Status
-------------------------------

  No Partitions were found in this design.

-------------------------------

=========================================================================
*                            Design Summary                             *
=========================================================================

Top Level Output File Name         : simple_pushButton.ngc

Primitive and Black Box Usage:
------------------------------
# BELS                             : 156
#      LUT3                        : 60
#      LUT5                        : 21
#      LUT6                        : 74
#      MUXF7                       : 1
# FlipFlops/Latches                : 86
#      FD                          : 86
# Clock Buffers                    : 4
#      BUFGP                       : 4
# IO Buffers                       : 32
#      IBUF                        : 16
#      OBUF                        : 16

Device utilization summary:
---------------------------

Selected Device : 7a100tcsg324-3 


Slice Logic Utilization: 
 Number of Slice Registers:              70  out of  126800     0%  
 Number of Slice LUTs:                  155  out of  63400     0%  
    Number used as Logic:               155  out of  63400     0%  

Slice Logic Distribution: 
 Number of LUT Flip Flop pairs used:    193
   Number with an unused Flip Flop:     123  out of    193    63%  
   Number with an unused LUT:            38  out of    193    19%  
   Number of fully used LUT-FF pairs:    32  out of    193    16%  
   Number of unique control sets:         4

IO Utilization: 
 Number of IOs:                          37
 Number of bonded IOBs:                  36  out of    210    17%  
    IOB Flip Flops/Latches:              16

Specific Feature Utilization:
 Number of BUFG/BUFGCTRLs:                4  out of     32    12%  

---------------------------
Partition Resource Summary:
---------------------------

  No Partitions were found in this design.

---------------------------


=========================================================================
Timing Report

NOTE: THESE TIMING NUMBERS ARE ONLY A SYNTHESIS ESTIMATE.
      FOR ACCURATE TIMING INFORMATION PLEASE REFER TO THE TRACE REPORT
      GENERATED AFTER PLACE-and-ROUTE.

Clock Information:
------------------
-----------------------------------+------------------------+-------+
Clock Signal                       | Clock buffer(FF name)  | Load  |
-----------------------------------+------------------------+-------+
button3                            | BUFGP                  | 38    |
button2                            | BUFGP                  | 16    |
button1                            | BUFGP                  | 16    |
button5                            | BUFGP                  | 16    |
-----------------------------------+------------------------+-------+

Asynchronous Control Signals Information:
----------------------------------------
No asynchronous control signals found in this design

Timing Summary:
---------------
Speed Grade: -3

   Minimum period: No path found
   Minimum input arrival time before clock: 0.298ns
   Maximum output required time after clock: 0.640ns
   Maximum combinational path delay: No path found

Timing Details:
---------------
All values displayed in nanoseconds (ns)

=========================================================================
Timing constraint: Default OFFSET IN BEFORE for Clock 'button3'
  Total number of paths / destination ports: 6 / 6
-------------------------------------------------------------------------
Offset:              0.298ns (Levels of Logic = 1)
  Source:            sw<0> (PAD)
  Destination:       sel_0 (FF)
  Destination Clock: button3 rising

  Data Path: sw<0> to sel_0
                                Gate     Net
    Cell:in->out      fanout   Delay   Delay  Logical Name (Net Name)
    ----------------------------------------  ------------
     IBUF:I->O             3   0.001   0.289  sw_0_IBUF (sw_0_IBUF)
     FD:D                      0.008          sel_0
    ----------------------------------------
    Total                      0.298ns (0.009ns logic, 0.289ns route)
                                       (3.0% logic, 97.0% route)

=========================================================================
Timing constraint: Default OFFSET IN BEFORE for Clock 'button2'
  Total number of paths / destination ports: 16 / 16
-------------------------------------------------------------------------
Offset:              0.298ns (Levels of Logic = 1)
  Source:            sw<0> (PAD)
  Destination:       msb_0 (FF)
  Destination Clock: button2 rising

  Data Path: sw<0> to msb_0
                                Gate     Net
    Cell:in->out      fanout   Delay   Delay  Logical Name (Net Name)
    ----------------------------------------  ------------
     IBUF:I->O             3   0.001   0.289  sw_0_IBUF (sw_0_IBUF)
     FD:D                      0.008          msb_0
    ----------------------------------------
    Total                      0.298ns (0.009ns logic, 0.289ns route)
                                       (3.0% logic, 97.0% route)

=========================================================================
Timing constraint: Default OFFSET IN BEFORE for Clock 'button1'
  Total number of paths / destination ports: 16 / 16
-------------------------------------------------------------------------
Offset:              0.298ns (Levels of Logic = 1)
  Source:            sw<0> (PAD)
  Destination:       lsb_0 (FF)
  Destination Clock: button1 rising

  Data Path: sw<0> to lsb_0
                                Gate     Net
    Cell:in->out      fanout   Delay   Delay  Logical Name (Net Name)
    ----------------------------------------  ------------
     IBUF:I->O             3   0.001   0.289  sw_0_IBUF (sw_0_IBUF)
     FD:D                      0.008          lsb_0
    ----------------------------------------
    Total                      0.298ns (0.009ns logic, 0.289ns route)
                                       (3.0% logic, 97.0% route)

=========================================================================
Timing constraint: Default OFFSET OUT AFTER for Clock 'button5'
  Total number of paths / destination ports: 16 / 16
-------------------------------------------------------------------------
Offset:              0.640ns (Levels of Logic = 1)
  Source:            led_15 (FF)
  Destination:       led<15> (PAD)
  Source Clock:      button5 rising

  Data Path: led_15 to led<15>
                                Gate     Net
    Cell:in->out      fanout   Delay   Delay  Logical Name (Net Name)
    ----------------------------------------  ------------
     FD:C->Q               1   0.361   0.279  led_15 (led_15)
     OBUF:I->O                 0.000          led_15_OBUF (led<15>)
    ----------------------------------------
    Total                      0.640ns (0.361ns logic, 0.279ns route)
                                       (56.4% logic, 43.6% route)

=========================================================================

Cross Clock Domains Report:
--------------------------

Clock to Setup on destination clock button3
---------------+---------+---------+---------+---------+
               | Src:Rise| Src:Fall| Src:Rise| Src:Fall|
Source Clock   |Dest:Rise|Dest:Rise|Dest:Fall|Dest:Fall|
---------------+---------+---------+---------+---------+
button1        |    0.648|         |         |         |
button2        |    0.648|         |         |         |
---------------+---------+---------+---------+---------+

Clock to Setup on destination clock button5
---------------+---------+---------+---------+---------+
               | Src:Rise| Src:Fall| Src:Rise| Src:Fall|
Source Clock   |Dest:Rise|Dest:Rise|Dest:Fall|Dest:Fall|
---------------+---------+---------+---------+---------+
button3        |    2.895|         |         |         |
---------------+---------+---------+---------+---------+

=========================================================================


Total REAL time to Xst completion: 18.00 secs
Total CPU time to Xst completion: 17.30 secs
 
--> 

Total memory usage is 450908 kilobytes

Number of errors   :    0 (   0 filtered)
Number of warnings :    1 (   0 filtered)
Number of infos    :    0 (   0 filtered)

